<?xml version="1.0" encoding="UTF-8"?>
<!-- Generated by org.testng.reporters.JUnitXMLReporter -->
<testsuite ignored="0" hostname="LAPTOP-4K258LJ4" failures="0" tests="4" name="Test1" time="61.591" errors="0" timestamp="2025-07-21T17:45:08 IST">
  <testcase classname="pageTest.OpportunityCreationTest" name="f" time="11.8"/>
  <testcase classname="pageTest.OpportunityCreationTest" name="f" time="12.466"/>
  <testcase classname="pageTest.OpportunityCreationTest" name="f" time="11.524"/>
  <testcase classname="pageTest.OpportunityCreationTest" name="f" time="13.214"/>
</testsuite> <!-- Test1 -->
